
> hyperledger-eth-network@0.1.6 start /home/desktop/workspace/hyperledger/mickael/hyperledger-ethereum-network
> node index

Listening locally on port 6004
[1] at: 00:00:02.331 Url is: /CSS/font-awesome.min.css
[2] at: 00:00:02.376 Url is: /CSS/bootstrap.css
[3] at: 00:00:02.380 Url is: /CSS/style.css
[4] at: 00:00:02.564 Url is: /CSS/font-awesome.min.css
[5] at: 00:00:02.572 Url is: /CSS/bootstrap.css
[6] at: 00:00:02.577 Url is: /CSS/style.css
[7] at: 00:00:02.612 Url is: /composer/admin/getMembers
[8] at: 00:00:03.014 Url is: /favicon.ico
error with business network Connect Error trying to ping. Error: Error trying to query business network. Error: Connect Failed
[9] at: 00:00:07.035 Url is: /composer/admin/getMyAssets
getMyAssets req.body.email is: undefined
create bnd from archive failed  TypeError: Path must be a string. Received undefined
    at assertPath (path.js:28:11)
    at Object.join (path.js:1236:7)
    at FileSystemCardStore._cardPath (/home/desktop/workspace/hyperledger/mickael/hyperledger-ethereum-network/node_modules/composer-common/lib/cardstore/filesystemcardstore.js:64:21)
    at FileSystemCardStore.get (/home/desktop/workspace/hyperledger/mickael/hyperledger-ethereum-network/node_modules/composer-common/lib/cardstore/filesystemcardstore.js:72:42)
    at BusinessNetworkConnection.connect (/home/desktop/workspace/hyperledger/mickael/hyperledger-ethereum-network/node_modules/composer-client/lib/businessnetworkconnection.js:427:31)
    at BusinessNetworkDefinition.fromArchive.then (/home/desktop/workspace/hyperledger/mickael/hyperledger-ethereum-network/controller/restapi/features/composer/api-admin.js:173:42)
    at <anonymous>
